Tue Oct 25 19:57:54 ===== ===== ===== =====
Tue Oct 25 19:57:54 mac_pkgs Main Script Start
Tue Oct 25 19:57:54 Config File: ./mac_pkgs.cfg
Tue Oct 25 19:57:54 Log File: /Users/spatel/sanjayypatel/mac_pkgs/logs/mac_pkgs.log
Tue Oct 25 19:57:54 ===== ===== ===== =====
Tue Oct 25 19:57:54 Repo Path: /Users/spatel/sanjayypatel/mac_pkgs
Tue Oct 25 19:57:54 Apps Path: /Users/spatel/sanjayypatel/mac_pkgs/apps
Tue Oct 25 19:57:54 Scripts Directory: /Users/spatel/sanjayypatel/mac_pkgs/scripts
Tue Oct 25 19:57:54 ===== ===== ===== =====
Tue Oct 25 19:57:54 Looping through scripts directory.
Tue Oct 25 19:57:54 /Users/spatel/sanjayypatel/mac_pkgs/scripts/audacity.sh
Tue Oct 25 19:57:54 /Users/spatel/sanjayypatel/mac_pkgs/scripts/figma_arm.sh
Tue Oct 25 19:57:54 /Users/spatel/sanjayypatel/mac_pkgs/scripts/figma_intel.sh
Tue Oct 25 19:57:54 /Users/spatel/sanjayypatel/mac_pkgs/scripts/firefox.sh
Tue Oct 25 19:57:54 /Users/spatel/sanjayypatel/mac_pkgs/scripts/github_desktop_arm.sh
Tue Oct 25 19:57:54 /Users/spatel/sanjayypatel/mac_pkgs/scripts/github_desktop_intel.sh
Tue Oct 25 19:57:54 /Users/spatel/sanjayypatel/mac_pkgs/scripts/google_chrome.sh
Tue Oct 25 19:57:54 /Users/spatel/sanjayypatel/mac_pkgs/scripts/handbrake.sh
Tue Oct 25 19:57:54 /Users/spatel/sanjayypatel/mac_pkgs/scripts/leostream_agent.sh
Tue Oct 25 19:57:54 /Users/spatel/sanjayypatel/mac_pkgs/scripts/ms_office.sh
Tue Oct 25 19:57:54 /Users/spatel/sanjayypatel/mac_pkgs/scripts/ms_teams.sh
Tue Oct 25 19:57:54 /Users/spatel/sanjayypatel/mac_pkgs/scripts/pcoip_graphics_agent.sh
Tue Oct 25 19:57:54 /Users/spatel/sanjayypatel/mac_pkgs/scripts/pppc_utility.sh
Tue Oct 25 19:57:54 /Users/spatel/sanjayypatel/mac_pkgs/scripts/processing3.sh
Tue Oct 25 19:57:54 /Users/spatel/sanjayypatel/mac_pkgs/scripts/processing4_arm.sh
Tue Oct 25 19:57:54 /Users/spatel/sanjayypatel/mac_pkgs/scripts/processing4_intel.sh
Tue Oct 25 19:57:54 /Users/spatel/sanjayypatel/mac_pkgs/scripts/sublime_text.sh
Tue Oct 25 19:57:54 /Users/spatel/sanjayypatel/mac_pkgs/scripts/suspicious_package.sh
Tue Oct 25 19:57:54 /Users/spatel/sanjayypatel/mac_pkgs/scripts/vlc_universal.sh
Tue Oct 25 19:57:54 /Users/spatel/sanjayypatel/mac_pkgs/scripts/vscode_universal.sh
Tue Oct 25 19:57:54 /Users/spatel/sanjayypatel/mac_pkgs/scripts/wacom_drivers.sh
Tue Oct 25 19:57:54 /Users/spatel/sanjayypatel/mac_pkgs/scripts/zoom_it.sh
Tue Oct 25 19:57:54 mac_pkgs Main Script End
Tue Oct 25 19:57:54 ===== ===== ===== =====
